c:\users\lacville76\documents\visual studio 2015\projects\consoleapplication\consoleapplication\x64\debug\bstracker.pch
c:\users\lacville76\documents\visual studio 2015\projects\consoleapplication\consoleapplication\x64\debug\vc140.pdb
c:\users\lacville76\documents\visual studio 2015\projects\consoleapplication\consoleapplication\x64\debug\vc140.idb
c:\users\lacville76\documents\visual studio 2015\projects\consoleapplication\consoleapplication\x64\debug\stdafx.obj
c:\users\lacville76\documents\visual studio 2015\projects\consoleapplication\consoleapplication\x64\debug\consoleapplication.obj
c:\users\lacville76\documents\visual studio 2015\projects\consoleapplication\consoleapplication\x64\debug\bsclass.obj
c:\users\lacville76\documents\visual studio 2015\projects\consoleapplication\consoleapplication\x64\debug\consoleapplication.pch
c:\users\lacville76\documents\visual studio 2015\projects\consoleapplication\x64\debug\bstracker.pdb
c:\users\lacville76\documents\visual studio 2015\projects\consoleapplication\consoleapplication\x64\debug\bstracker.tlog\cl.command.1.tlog
c:\users\lacville76\documents\visual studio 2015\projects\consoleapplication\consoleapplication\x64\debug\bstracker.tlog\cl.read.1.tlog
c:\users\lacville76\documents\visual studio 2015\projects\consoleapplication\consoleapplication\x64\debug\bstracker.tlog\cl.write.1.tlog
c:\users\lacville76\documents\visual studio 2015\projects\consoleapplication\consoleapplication\x64\debug\bstracker.tlog\link-cvtres.read.1.tlog
c:\users\lacville76\documents\visual studio 2015\projects\consoleapplication\consoleapplication\x64\debug\bstracker.tlog\link-cvtres.write.1.tlog
c:\users\lacville76\documents\visual studio 2015\projects\consoleapplication\consoleapplication\x64\debug\bstracker.tlog\link-rc.read.1.tlog
c:\users\lacville76\documents\visual studio 2015\projects\consoleapplication\consoleapplication\x64\debug\bstracker.tlog\link-rc.write.1.tlog
c:\users\lacville76\documents\visual studio 2015\projects\consoleapplication\consoleapplication\x64\debug\bstracker.tlog\link.2192-cvtres.read.1.tlog
c:\users\lacville76\documents\visual studio 2015\projects\consoleapplication\consoleapplication\x64\debug\bstracker.tlog\link.2192-cvtres.write.1.tlog
c:\users\lacville76\documents\visual studio 2015\projects\consoleapplication\consoleapplication\x64\debug\bstracker.tlog\link.2192-rc.read.1.tlog
c:\users\lacville76\documents\visual studio 2015\projects\consoleapplication\consoleapplication\x64\debug\bstracker.tlog\link.2192-rc.write.1.tlog
c:\users\lacville76\documents\visual studio 2015\projects\consoleapplication\consoleapplication\x64\debug\bstracker.tlog\link.2192.read.1.tlog
c:\users\lacville76\documents\visual studio 2015\projects\consoleapplication\consoleapplication\x64\debug\bstracker.tlog\link.2192.write.1.tlog
c:\users\lacville76\documents\visual studio 2015\projects\consoleapplication\consoleapplication\x64\debug\bstracker.tlog\link.command.1.tlog
c:\users\lacville76\documents\visual studio 2015\projects\consoleapplication\consoleapplication\x64\debug\bstracker.tlog\link.read.1.tlog
c:\users\lacville76\documents\visual studio 2015\projects\consoleapplication\consoleapplication\x64\debug\bstracker.tlog\link.write.1.tlog
